<?xml version="1.0" encoding="UTF-8"?>
<!-- Generated by org.testng.reporters.JUnitReportReporter -->
<testsuite hostname="Mladen" failures="0" tests="6" name="Tests.LoginTest" time="19.544" errors="0" timestamp="2025-08-23T16:09:23 CEST" skipped="0">
  <testcase classname="Tests.LoginTest" name="verifyErrorMessageClearingUsernameAndPasswordField" time="3.903"/>
  <testcase classname="Tests.LoginTest" name="verifyErrorMessageClearingUsernameAndPasswordField" time="2.628"/>
  <testcase classname="Tests.LoginTest" name="verifySuccessfulLogin" time="2.530"/>
  <testcase classname="Tests.LoginTest" name="verifySuccessfulLogin" time="4.200"/>
  <testcase classname="Tests.LoginTest" name="verifyErrorMessageClearingOnlyPasswordField" time="3.907"/>
  <testcase classname="Tests.LoginTest" name="verifyErrorMessageClearingOnlyPasswordField" time="2.376"/>
</testsuite> <!-- Tests.LoginTest -->
