<?xml version="1.0" encoding="UTF-8"?>
<!-- Generated by org.testng.reporters.JUnitReportReporter -->
<testsuite hostname="Mladen" failures="0" tests="6" name="Tests.LoginTest" time="23.427" errors="0" timestamp="2025-08-19T18:40:11 CEST" skipped="0">
  <testcase classname="Tests.LoginTest" name="verifyErrorMessageClearingUsernameAndPasswordField" time="4.913"/>
  <testcase classname="Tests.LoginTest" name="verifyErrorMessageClearingOnlyPasswordField" time="2.753"/>
  <testcase classname="Tests.LoginTest" name="verifyErrorMessageClearingOnlyPasswordField" time="6.351"/>
  <testcase classname="Tests.LoginTest" name="verifySuccessfulLogin" time="2.199"/>
  <testcase classname="Tests.LoginTest" name="verifyErrorMessageClearingUsernameAndPasswordField" time="3.153"/>
  <testcase classname="Tests.LoginTest" name="verifySuccessfulLogin" time="4.058"/>
</testsuite> <!-- Tests.LoginTest -->
