<?xml version="1.0" encoding="UTF-8"?>
<!-- Generated by org.testng.reporters.JUnitReportReporter -->
<testsuite hostname="Mladen" failures="0" tests="6" name="Tests.LoginTest" time="19.681" errors="0" timestamp="2025-08-22T18:50:31 CEST" skipped="0">
  <testcase classname="Tests.LoginTest" name="verifyErrorMessageClearingUsernameAndPasswordField" time="4.465"/>
  <testcase classname="Tests.LoginTest" name="verifyErrorMessageClearingOnlyPasswordField" time="4.525"/>
  <testcase classname="Tests.LoginTest" name="verifySuccessfulLogin" time="2.622"/>
  <testcase classname="Tests.LoginTest" name="verifyErrorMessageClearingUsernameAndPasswordField" time="2.203"/>
  <testcase classname="Tests.LoginTest" name="verifySuccessfulLogin" time="3.679"/>
  <testcase classname="Tests.LoginTest" name="verifyErrorMessageClearingOnlyPasswordField" time="2.187"/>
</testsuite> <!-- Tests.LoginTest -->
